<?xml version="1.0" encoding="UTF-8"?>
<testsuite xmlns:xsi="http://www.w3.org/2001/XMLSchema-instance" xsi:noNamespaceSchemaLocation="https://maven.apache.org/surefire/maven-surefire-plugin/xsd/surefire-test-report.xsd" version="3.0.2" name="org.immregistries.interophub.client.HttpInteropHubClientTest" time="0.155" tests="5" errors="0" skipped="0" failures="0">
  <properties>
[...]
</properties>
  <testcase name="shouldBuildLoginUrlWithExpectedParameters" classname="org.immregistries.interophub.client.HttpInteropHubClientTest" time="0.108">
    <system-err><![CDATA[SLF4J(W): No SLF4J providers were found.
SLF4J(W): Defaulting to no-operation (NOP) logger implementation
SLF4J(W): See https://www.slf4j.org/codes.html#noProviders for further details.
]]></system-err>
  </testcase>
  <testcase name="shouldBuildHubHomeAndExchangeUrls" classname="org.immregistries.interophub.client.HttpInteropHubClientTest" time="0.004"/>
  <testcase name="shouldFallbackWhenRequestedUrlIsDifferentHost" classname="org.immregistries.interophub.client.HttpInteropHubClientTest" time="0.003"/>
  <testcase name="shouldAcceptRequestedUrlWithinConfiguredBasePath" classname="org.immregistries.interophub.client.HttpInteropHubClientTest" time="0.002"/>
  <testcase name="shouldFallbackWhenRequestedUrlOutsideConfiguredPath" classname="org.immregistries.interophub.client.HttpInteropHubClientTest" time="0.002"/>
</testsuite>